1582256194108	mozrunner::runner	INFO	Running command: "C:\\Program Files\\Mozilla Firefox\\firefox.exe" "-marionette" "-foreground" "-no-remote" "-profile" "C:\\Users\\bruno\\AppData\\Local\\Temp\\rust_mozprofilenw2FDs"
1582256198896	addons.webextension.doh-rollout@mozilla.org	WARN	Loading extension 'doh-rollout@mozilla.org': Reading manifest: Invalid extension permission: networkStatus
1582256201436	addons.webextension.screenshots@mozilla.org	WARN	Loading extension 'screenshots@mozilla.org': Reading manifest: Invalid extension permission: mozillaAddons
1582256201436	addons.webextension.screenshots@mozilla.org	WARN	Loading extension 'screenshots@mozilla.org': Reading manifest: Invalid extension permission: telemetry
1582256201439	addons.webextension.screenshots@mozilla.org	WARN	Loading extension 'screenshots@mozilla.org': Reading manifest: Invalid extension permission: resource://pdf.js/
1582256201439	addons.webextension.screenshots@mozilla.org	WARN	Loading extension 'screenshots@mozilla.org': Reading manifest: Invalid extension permission: about:reader*
JavaScript error: resource://gre/modules/XULStore.jsm, line 66: Error: Can't find profile directory.
1582256237184	mozrunner::runner	INFO	Running command: "C:\\Program Files\\Mozilla Firefox\\firefox.exe" "-marionette" "-foreground" "-no-remote" "-profile" "C:\\Users\\bruno\\AppData\\Local\\Temp\\rust_mozprofileIB9IVw"
1582256238039	addons.webextension.doh-rollout@mozilla.org	WARN	Loading extension 'doh-rollout@mozilla.org': Reading manifest: Invalid extension permission: networkStatus
1582256239377	addons.webextension.screenshots@mozilla.org	WARN	Loading extension 'screenshots@mozilla.org': Reading manifest: Invalid extension permission: mozillaAddons
1582256239377	addons.webextension.screenshots@mozilla.org	WARN	Loading extension 'screenshots@mozilla.org': Reading manifest: Invalid extension permission: telemetry
1582256239377	addons.webextension.screenshots@mozilla.org	WARN	Loading extension 'screenshots@mozilla.org': Reading manifest: Invalid extension permission: resource://pdf.js/
1582256239377	addons.webextension.screenshots@mozilla.org	WARN	Loading extension 'screenshots@mozilla.org': Reading manifest: Invalid extension permission: about:reader*
JavaScript error: resource://gre/modules/XULStore.jsm, line 66: Error: Can't find profile directory.
1582256244678	Marionette	INFO	Listening on port 50561
1582256245111	Marionette	WARN	TLS certificate errors will be ignored for this session
1582256266106	Marionette	INFO	Stopped listening on port 50561

###!!! [Child][RunMessage] Error: Channel closing: too late to send/recv, messages will be lost


###!!! [Child][MessageChannel::SendAndWait] Error: Channel error: cannot send/recv

1582256281721	mozrunner::runner	INFO	Running command: "C:\\Program Files\\Mozilla Firefox\\firefox.exe" "-marionette" "-foreground" "-no-remote" "-profile" "C:\\Users\\bruno\\AppData\\Local\\Temp\\rust_mozprofile6u1Ra5"
1582256282471	addons.webextension.doh-rollout@mozilla.org	WARN	Loading extension 'doh-rollout@mozilla.org': Reading manifest: Invalid extension permission: networkStatus
1582256283763	addons.webextension.screenshots@mozilla.org	WARN	Loading extension 'screenshots@mozilla.org': Reading manifest: Invalid extension permission: mozillaAddons
1582256283763	addons.webextension.screenshots@mozilla.org	WARN	Loading extension 'screenshots@mozilla.org': Reading manifest: Invalid extension permission: telemetry
1582256283763	addons.webextension.screenshots@mozilla.org	WARN	Loading extension 'screenshots@mozilla.org': Reading manifest: Invalid extension permission: resource://pdf.js/
1582256283764	addons.webextension.screenshots@mozilla.org	WARN	Loading extension 'screenshots@mozilla.org': Reading manifest: Invalid extension permission: about:reader*
JavaScript error: resource://gre/modules/XULStore.jsm, line 66: Error: Can't find profile directory.
1582256286479	Marionette	INFO	Listening on port 50597
1582256286497	Marionette	WARN	TLS certificate errors will be ignored for this session
JavaScript warning: https://siteimproveanalytics.com/js/siteanalyze_1237356.js, line 3: Using //@ to indicate sourceMappingURL pragmas is deprecated. Use //# instead
JavaScript warning: https://siteimproveanalytics.com/js/siteanalyze_1237356.js, line 3: Using //@ to indicate sourceMappingURL pragmas is deprecated. Use //# instead
1582256925218	Marionette	INFO	Stopped listening on port 50597

###!!! [Child][RunMessage] Error: Channel closing: too late to send/recv, messages will be lost


###!!! [Child][MessageChannel::SendAndWait] Error: Channel error: cannot send/recv

1582257309437	mozrunner::runner	INFO	Running command: "C:\\Program Files\\Mozilla Firefox\\firefox.exe" "-marionette" "-foreground" "-no-remote" "-profile" "C:\\Users\\bruno\\AppData\\Local\\Temp\\rust_mozprofileOycO9j"
1582257310357	addons.webextension.doh-rollout@mozilla.org	WARN	Loading extension 'doh-rollout@mozilla.org': Reading manifest: Invalid extension permission: networkStatus
1582257311958	addons.webextension.screenshots@mozilla.org	WARN	Loading extension 'screenshots@mozilla.org': Reading manifest: Invalid extension permission: mozillaAddons
1582257311958	addons.webextension.screenshots@mozilla.org	WARN	Loading extension 'screenshots@mozilla.org': Reading manifest: Invalid extension permission: telemetry
1582257311958	addons.webextension.screenshots@mozilla.org	WARN	Loading extension 'screenshots@mozilla.org': Reading manifest: Invalid extension permission: resource://pdf.js/
1582257311959	addons.webextension.screenshots@mozilla.org	WARN	Loading extension 'screenshots@mozilla.org': Reading manifest: Invalid extension permission: about:reader*
JavaScript error: resource://gre/modules/XULStore.jsm, line 66: Error: Can't find profile directory.
1582257315184	Marionette	INFO	Listening on port 50705
1582257315257	Marionette	WARN	TLS certificate errors will be ignored for this session
JavaScript warning: https://siteimproveanalytics.com/js/siteanalyze_1237356.js, line 3: Using //@ to indicate sourceMappingURL pragmas is deprecated. Use //# instead
JavaScript warning: https://siteimproveanalytics.com/js/siteanalyze_1237356.js, line 3: Using //@ to indicate sourceMappingURL pragmas is deprecated. Use //# instead
JavaScript warning: https://siteimproveanalytics.com/js/siteanalyze_1237356.js, line 3: Using //@ to indicate sourceMappingURL pragmas is deprecated. Use //# instead
JavaScript warning: https://siteimproveanalytics.com/js/siteanalyze_1237356.js, line 3: Using //@ to indicate sourceMappingURL pragmas is deprecated. Use //# instead
1582257939887	mozrunner::runner	INFO	Running command: "C:\\Program Files\\Mozilla Firefox\\firefox.exe" "-marionette" "-foreground" "-no-remote" "-profile" "C:\\Users\\bruno\\AppData\\Local\\Temp\\rust_mozprofileYjUiaN"
1582257940815	addons.webextension.doh-rollout@mozilla.org	WARN	Loading extension 'doh-rollout@mozilla.org': Reading manifest: Invalid extension permission: networkStatus
1582257942139	addons.webextension.screenshots@mozilla.org	WARN	Loading extension 'screenshots@mozilla.org': Reading manifest: Invalid extension permission: mozillaAddons
1582257942139	addons.webextension.screenshots@mozilla.org	WARN	Loading extension 'screenshots@mozilla.org': Reading manifest: Invalid extension permission: telemetry
1582257942140	addons.webextension.screenshots@mozilla.org	WARN	Loading extension 'screenshots@mozilla.org': Reading manifest: Invalid extension permission: resource://pdf.js/
1582257942140	addons.webextension.screenshots@mozilla.org	WARN	Loading extension 'screenshots@mozilla.org': Reading manifest: Invalid extension permission: about:reader*
JavaScript error: resource://gre/modules/XULStore.jsm, line 66: Error: Can't find profile directory.
1582257945856	Marionette	INFO	Listening on port 50829
1582257946189	Marionette	WARN	TLS certificate errors will be ignored for this session
JavaScript warning: https://siteimproveanalytics.com/js/siteanalyze_1237356.js, line 3: Using //@ to indicate sourceMappingURL pragmas is deprecated. Use //# instead
JavaScript warning: https://siteimproveanalytics.com/js/siteanalyze_1237356.js, line 3: Using //@ to indicate sourceMappingURL pragmas is deprecated. Use //# instead
1582258161126	mozrunner::runner	INFO	Running command: "C:\\Program Files\\Mozilla Firefox\\firefox.exe" "-marionette" "-foreground" "-no-remote" "-profile" "C:\\Users\\bruno\\AppData\\Local\\Temp\\rust_mozprofileyTYRRv"
1582258161946	addons.webextension.doh-rollout@mozilla.org	WARN	Loading extension 'doh-rollout@mozilla.org': Reading manifest: Invalid extension permission: networkStatus
1582258163423	addons.webextension.screenshots@mozilla.org	WARN	Loading extension 'screenshots@mozilla.org': Reading manifest: Invalid extension permission: mozillaAddons
1582258163423	addons.webextension.screenshots@mozilla.org	WARN	Loading extension 'screenshots@mozilla.org': Reading manifest: Invalid extension permission: telemetry
1582258163423	addons.webextension.screenshots@mozilla.org	WARN	Loading extension 'screenshots@mozilla.org': Reading manifest: Invalid extension permission: resource://pdf.js/
1582258163423	addons.webextension.screenshots@mozilla.org	WARN	Loading extension 'screenshots@mozilla.org': Reading manifest: Invalid extension permission: about:reader*
JavaScript error: resource://gre/modules/XULStore.jsm, line 66: Error: Can't find profile directory.
1582258167010	Marionette	INFO	Listening on port 50898
1582258167409	Marionette	WARN	TLS certificate errors will be ignored for this session
JavaScript warning: https://siteimproveanalytics.com/js/siteanalyze_1237356.js, line 3: Using //@ to indicate sourceMappingURL pragmas is deprecated. Use //# instead
JavaScript warning: https://siteimproveanalytics.com/js/siteanalyze_1237356.js, line 3: Using //@ to indicate sourceMappingURL pragmas is deprecated. Use //# instead
1582258321294	mozrunner::runner	INFO	Running command: "C:\\Program Files\\Mozilla Firefox\\firefox.exe" "-marionette" "-foreground" "-no-remote" "-profile" "C:\\Users\\bruno\\AppData\\Local\\Temp\\rust_mozprofileVXWQpX"
1582258323022	addons.webextension.doh-rollout@mozilla.org	WARN	Loading extension 'doh-rollout@mozilla.org': Reading manifest: Invalid extension permission: networkStatus
1582258325314	addons.webextension.screenshots@mozilla.org	WARN	Loading extension 'screenshots@mozilla.org': Reading manifest: Invalid extension permission: mozillaAddons
1582258325314	addons.webextension.screenshots@mozilla.org	WARN	Loading extension 'screenshots@mozilla.org': Reading manifest: Invalid extension permission: telemetry
1582258325315	addons.webextension.screenshots@mozilla.org	WARN	Loading extension 'screenshots@mozilla.org': Reading manifest: Invalid extension permission: resource://pdf.js/
1582258325315	addons.webextension.screenshots@mozilla.org	WARN	Loading extension 'screenshots@mozilla.org': Reading manifest: Invalid extension permission: about:reader*
JavaScript error: resource://gre/modules/XULStore.jsm, line 66: Error: Can't find profile directory.
1582258333148	Marionette	INFO	Listening on port 50968
1582258333533	Marionette	WARN	TLS certificate errors will be ignored for this session
JavaScript warning: https://siteimproveanalytics.com/js/siteanalyze_1237356.js, line 3: Using //@ to indicate sourceMappingURL pragmas is deprecated. Use //# instead
JavaScript warning: https://siteimproveanalytics.com/js/siteanalyze_1237356.js, line 3: Using //@ to indicate sourceMappingURL pragmas is deprecated. Use //# instead
1582259344371	mozrunner::runner	INFO	Running command: "C:\\Program Files\\Mozilla Firefox\\firefox.exe" "-marionette" "-foreground" "-no-remote" "-profile" "C:\\Users\\bruno\\AppData\\Local\\Temp\\rust_mozprofilegyEQSL"
1582259345416	addons.webextension.doh-rollout@mozilla.org	WARN	Loading extension 'doh-rollout@mozilla.org': Reading manifest: Invalid extension permission: networkStatus
1582259346769	addons.webextension.screenshots@mozilla.org	WARN	Loading extension 'screenshots@mozilla.org': Reading manifest: Invalid extension permission: mozillaAddons
1582259346769	addons.webextension.screenshots@mozilla.org	WARN	Loading extension 'screenshots@mozilla.org': Reading manifest: Invalid extension permission: telemetry
1582259346770	addons.webextension.screenshots@mozilla.org	WARN	Loading extension 'screenshots@mozilla.org': Reading manifest: Invalid extension permission: resource://pdf.js/
1582259346770	addons.webextension.screenshots@mozilla.org	WARN	Loading extension 'screenshots@mozilla.org': Reading manifest: Invalid extension permission: about:reader*
JavaScript error: resource://gre/modules/XULStore.jsm, line 66: Error: Can't find profile directory.
1582259349475	Marionette	INFO	Listening on port 51078
1582259349670	Marionette	WARN	TLS certificate errors will be ignored for this session
JavaScript warning: https://siteimproveanalytics.com/js/siteanalyze_1237356.js, line 3: Using //@ to indicate sourceMappingURL pragmas is deprecated. Use //# instead
JavaScript warning: https://siteimproveanalytics.com/js/siteanalyze_1237356.js, line 3: Using //@ to indicate sourceMappingURL pragmas is deprecated. Use //# instead
1582259533761	mozrunner::runner	INFO	Running command: "C:\\Program Files\\Mozilla Firefox\\firefox.exe" "-marionette" "-foreground" "-no-remote" "-profile" "C:\\Users\\bruno\\AppData\\Local\\Temp\\rust_mozprofiletm6ShG"
1582259535607	addons.webextension.doh-rollout@mozilla.org	WARN	Loading extension 'doh-rollout@mozilla.org': Reading manifest: Invalid extension permission: networkStatus
1582259538152	addons.webextension.screenshots@mozilla.org	WARN	Loading extension 'screenshots@mozilla.org': Reading manifest: Invalid extension permission: mozillaAddons
1582259538153	addons.webextension.screenshots@mozilla.org	WARN	Loading extension 'screenshots@mozilla.org': Reading manifest: Invalid extension permission: telemetry
1582259538153	addons.webextension.screenshots@mozilla.org	WARN	Loading extension 'screenshots@mozilla.org': Reading manifest: Invalid extension permission: resource://pdf.js/
1582259538154	addons.webextension.screenshots@mozilla.org	WARN	Loading extension 'screenshots@mozilla.org': Reading manifest: Invalid extension permission: about:reader*
JavaScript error: resource://gre/modules/XULStore.jsm, line 66: Error: Can't find profile directory.
1582259545707	Marionette	INFO	Listening on port 51145
1582259546061	Marionette	WARN	TLS certificate errors will be ignored for this session
JavaScript warning: https://siteimproveanalytics.com/js/siteanalyze_1237356.js, line 3: Using //@ to indicate sourceMappingURL pragmas is deprecated. Use //# instead
JavaScript warning: https://siteimproveanalytics.com/js/siteanalyze_1237356.js, line 3: Using //@ to indicate sourceMappingURL pragmas is deprecated. Use //# instead
JavaScript warning: https://code.jquery.com/jquery-1.10.1.min.js, line 2: Using //@ to indicate sourceMappingURL pragmas is deprecated. Use //# instead
JavaScript warning: https://siteimproveanalytics.com/js/siteanalyze_1237356.js, line 3: Using //@ to indicate sourceMappingURL pragmas is deprecated. Use //# instead
JavaScript warning: https://siteimproveanalytics.com/js/siteanalyze_1237356.js, line 3: Using //@ to indicate sourceMappingURL pragmas is deprecated. Use //# instead
JavaScript warning: https://siteimproveanalytics.com/js/siteanalyze_1237356.js, line 3: Using //@ to indicate sourceMappingURL pragmas is deprecated. Use //# instead
JavaScript warning: https://siteimproveanalytics.com/js/siteanalyze_1237356.js, line 3: Using //@ to indicate sourceMappingURL pragmas is deprecated. Use //# instead
JavaScript warning: https://siteimproveanalytics.com/js/siteanalyze_1237356.js, line 3: Using //@ to indicate sourceMappingURL pragmas is deprecated. Use //# instead
JavaScript warning: https://siteimproveanalytics.com/js/siteanalyze_1237356.js, line 3: Using //@ to indicate sourceMappingURL pragmas is deprecated. Use //# instead
JavaScript error: https://www.google.com/xjs/_/js/k=xjs.s.pt_BR.Dc1kP9TGw3U.O/ck=xjs.s.c1vjbwCfrD8.L.F4.O/m=Fkg7bd,HcFEGb,IvlUe,MC8mtf,OF7gzc,RMhBfe,T4BAC,TJw5qb,TbaHGc,Y33vzc,ZyRBae,cdos,cr,hsm,iDPoPb,jsa,mvYTse,tg8oTe,uz938c,vWNDde,ws9Tlc,yQ43ff,d,csi/am=AAAAAEsAZt0AcP4HQQAAqGMAAEBAm2BjgRAkpCBWSAAAAQ/d=1/dg=2/ct=zgms/rs=ACT90oFmgz_UtSKVqvenrjgXnQHLcGEx5g, line 2169: TypeError: a.stopPropagation is not a function
JavaScript warning: https://vlibras.gov.br/app/vlibras-plugin.js, line 81: unreachable code after return statement
JavaScript warning: https://vlibras.gov.br/app/vlibras-plugin.js, line 81: unreachable code after return statement
1582266266437	Marionette	INFO	Stopped listening on port 51145

###!!! [Child][RunMessage] Error: Channel closing: too late to send/recv, messages will be lost

mp\\rust_mozprofileZsjnx6"
1582260370534	addons.webextension.doh-rollout@mozilla.org	WARN	Loading extension 'doh-rollout@mozilla.org': Reading manifest: Invalid extension permission: networkStatus
1582260371917	addons.webextension.screenshots@mozilla.org	WARN	Loading extension 'screenshots@mozilla.org': Reading manifest: Invalid extension permission: mozillaAddons
1582260371917	addons.webextension.screenshots@mozilla.org	WARN	Loading extension 'screenshots@mozilla.org': Reading manifest: Invalid extension permission: telemetry
1582260371917	addons.webextension.screenshots@mozilla.org	WARN	Loading extension 'screenshots@mozilla.org': Reading manifest: Invalid extension permission: resource://pdf.js/
1582260371917	addons.webextension.screenshots@mozilla.org	WARN	Loading extension 'screenshots@mozilla.org': Reading manifest: Invalid extension permission: about:reader*
JavaScript error: resource://gre/modules/XULStore.jsm, line 66: Error: Can't find profile directory.
1582260375441	Marionette	INFO	Listening on port 51303
1582260375874	Marionette	WARN	TLS certificate errors will be ignored for this session
JavaScript warning: https://siteimproveanalytics.com/js/siteanalyze_1237356.js, line 3: Using //@ to indicate sourceMappingURL pragmas is deprecated. Use //# instead
JavaScript warning: https://siteimproveanalytics.com/js/siteanalyze_1237356.js, line 3: Using //@ to indicate sourceMappingURL pragmas is deprecated. Use //# instead
1582260769599	mozrunner::runner	INFO	Running command: "C:\\Program Files\\Mozilla Firefox\\firefox.exe" "-marionette" "-foreground" "-no-remote" "-profile" "C:\\Users\\bruno\\AppData\\Local\\Temp\\rust_mozprofile0hpmEd"
1582260770515	addons.webextension.doh-rollout@mozilla.org	WARN	Loading extension 'doh-rollout@mozilla.org': Reading manifest: Invalid extension permission: networkStatus
1582260771902	addons.webextension.screenshots@mozilla.org	WARN	Loading extension 'screenshots@mozilla.org': Reading manifest: Invalid extension permission: mozillaAddons
1582260771902	addons.webextension.screenshots@mozilla.org	WARN	Loading extension 'screenshots@mozilla.org': Reading manifest: Invalid extension permission: telemetry
1582260771903	addons.webextension.screenshots@mozilla.org	WARN	Loading extension 'screenshots@mozilla.org': Reading manifest: Invalid extension permission: resource://pdf.js/
1582260771903	addons.webextension.screenshots@mozilla.org	WARN	Loading extension 'screenshots@mozilla.org': Reading manifest: Invalid extension permission: about:reader*
JavaScript error: resource://gre/modules/XULStore.jsm, line 66: Error: Can't find profile directory.
1582260774889	Marionette	INFO	Listening on port 51383
1582260775392	Marionette	WARN	TLS certificate errors will be ignored for this session
JavaScript warning: https://siteimproveanalytics.com/js/siteanalyze_1237356.js, line 3: Using //@ to indicate sourceMappingURL pragmas is deprecated. Use //# instead
JavaScript warning: https://siteimproveanalytics.com/js/siteanalyze_1237356.js, line 3: Using //@ to indicate sourceMappingURL pragmas is deprecated. Use //# instead
1582260961073	mozrunner::runner	INFO	Running command: "C:\\Program Files\\Mozilla Firefox\\firefox.exe" "-marionette" "-foreground" "-no-remote" "-profile" "C:\\Users\\bruno\\AppData\\Local\\Temp\\rust_mozprofileStwbWy"
1582260962038	addons.webextension.doh-rollout@mozilla.org	WARN	Loading extension 'doh-rollout@mozilla.org': Reading manifest: Invalid extension permission: networkStatus
1582260963827	addons.webextension.screenshots@mozilla.org	WARN	Loading extension 'screenshots@mozilla.org': Reading manifest: Invalid extension permission: mozillaAddons
1582260963828	addons.webextension.screenshots@mozilla.org	WARN	Loading extension 'screenshots@mozilla.org': Reading manifest: Invalid extension permission: telemetry
1582260963828	addons.webextension.screenshots@mozilla.org	WARN	Loading extension 'screenshots@mozilla.org': Reading manifest: Invalid extension permission: resource://pdf.js/
1582260963828	addons.webextension.screenshots@mozilla.org	WARN	Loading extension 'screenshots@mozilla.org': Reading manifest: Invalid extension permission: about:reader*
JavaScript error: resource://gre/modules/XULStore.jsm, line 66: Error: Can't find profile directory.
1582260967135	Marionette	INFO	Listening on port 51457
1582260967482	Marionette	WARN	TLS certificate errors will be ignored for this session
JavaScript warning: https://siteimproveanalytics.com/js/siteanalyze_1237356.js, line 3: Using //@ to indicate sourceMappingURL pragmas is deprecated. Use //# instead
JavaScript warning: https://siteimproveanalytics.com/js/siteanalyze_1237356.js, line 3: Using //@ to indicate sourceMappingURL pragmas is deprecated. Use //# instead
IPDL protocol error: Handler returned error code!

###!!! [Parent][DispatchAsyncMessage] Error: PLayerTransaction::Msg_ReleaseLayer Processing error: message was deserialized, but the handler returned false (indicating failure)

1582261014138	mozrunner::runner	INFO	Running command: "C:\\Program Files\\Mozilla Firefox\\firefox.exe" "-marionette" "-foreground" "-no-remote" "-profile" "C:\\Users\\bruno\\AppData\\Local\\Temp\\rust_mozprofileDWigkf"
1582261015969	addons.webextension.doh-rollout@mozilla.org	WARN	Loading extension 'doh-rollout@mozilla.org': Reading manifest: Invalid extension permission: networkStatus
1582261018438	addons.webextension.screenshots@mozilla.org	WARN	Loading extension 'screenshots@mozilla.org': Reading manifest: Invalid extension permission: mozillaAddons
1582261018438	addons.webextension.screenshots@mozilla.org	WARN	Loading extension 'screenshots@mozilla.org': Reading manifest: Invalid extension permission: telemetry
1582261018439	addons.webextension.screenshots@mozilla.org	WARN	Loading extension 'screenshots@mozilla.org': Reading manifest: Invalid extension permission: resource://pdf.js/
1582261018439	addons.webextension.screenshots@mozilla.org	WARN	Loading extension 'screenshots@mozilla.org': Reading manifest: Invalid extension permission: about:reader*
JavaScript error: resource://gre/modules/XULStore.jsm, line 66: Error: Can't find profile directory.
1582261026200	Marionette	INFO	Listening on port 51524
1582261026367	Marionette	WARN	TLS certificate errors will be ignored for this session
JavaScript warning: https://siteimproveanalytics.com/js/siteanalyze_1237356.js, line 3: Using //@ to indicate sourceMappingURL pragmas is deprecated. Use //# instead
JavaScript warning: https://siteimproveanalytics.com/js/siteanalyze_1237356.js, line 3: Using //@ to indicate sourceMappingURL pragmas is deprecated. Use //# instead
console.warn: LoginRecipes: "getRecipes: falling back to a synchronous message for:" "https://services.healthtech.dtu.dk"
console.warn: LoginRecipes: "getRecipes: falling back to a synchronous message for:" "https://services.healthtech.dtu.dk"
console.warn: LoginRecipes: "getRecipes: falling back to a synchronous message for:" "https://services.healthtech.dtu.dk"
console.warn: LoginRecipes: "getRecipes: falling back to a synchronous message for:" "https://services.healthtech.dtu.dk"
console.warn: LoginRecipes: "getRecipes: falling back to a synchronous message for:" "https://services.healthtech.dtu.dk"
console.warn: LoginRecipes: "getRecipes: falling back to a synchronous message for:" "https://services.healthtech.dtu.dk"
console.warn: LoginRecipes: "getRecipes: falling back to a synchronous message for:" "https://services.healthtech.dtu.dk"
console.warn: LoginRecipes: "getRecipes: falling back to a synchronous message for:" "https://services.healthtech.dtu.dk"
1582261676030	mozrunner::runner	INFO	Running command: "C:\\Program Files\\Mozilla Firefox\\firefox.exe" "-marionette" "-foreground" "-no-remote" "-profile" "C:\\Users\\bruno\\AppData\\Local\\Temp\\rust_mozprofiled1FFU9"
1582261677040	addons.webextension.doh-rollout@mozilla.org	WARN	Loading extension 'doh-rollout@mozilla.org': Reading manifest: Invalid extension permission: networkStatus
1582261679003	addons.webextension.screenshots@mozilla.org	WARN	Loading extension 'screenshots@mozilla.org': Reading manifest: Invalid extension permission: mozillaAddons
1582261679003	addons.webextension.screenshots@mozilla.org	WARN	Loading extension 'screenshots@mozilla.org': Reading manifest: Invalid extension permission: telemetry
1582261679003	addons.webextension.screenshots@mozilla.org	WARN	Loading extension 'screenshots@mozilla.org': Reading manifest: Invalid extension permission: resource://pdf.js/
1582261679003	addons.webextension.screenshots@mozilla.org	WARN	Loading extension 'screenshots@mozilla.org': Reading manifest: Invalid extension permission: about:reader*
JavaScript error: resource://gre/modules/XULStore.jsm, line 66: Error: Can't find profile directory.
1582261684182	Marionette	INFO	Listening on port 51606
1582261684682	Marionette	WARN	TLS certificate errors will be ignored for this session
JavaScript warning: https://siteimproveanalytics.com/js/siteanalyze_1237356.js, line 3: Using //@ to indicate sourceMappingURL pragmas is deprecated. Use //# instead
JavaScript warning: https://siteimproveanalytics.com/js/siteanalyze_1237356.js, line 3: Using //@ to indicate sourceMappingURL pragmas is deprecated. Use //# instead
1582261814743	mozrunner::runner	INFO	Running command: "C:\\Program Files\\Mozilla Firefox\\firefox.exe" "-marionette" "-foreground" "-no-remote" "-profile" "C:\\Users\\bruno\\AppData\\Local\\Temp\\rust_mozprofile4hM6Tp"
1582261815923	addons.webextension.doh-rollout@mozilla.org	WARN	Loading extension 'doh-rollout@mozilla.org': Reading manifest: Invalid extension permission: networkStatus
1582261818384	addons.webextension.screenshots@mozilla.org	WARN	Loading extension 'screenshots@mozilla.org': Reading manifest: Invalid extension permission: mozillaAddons
1582261818384	addons.webextension.screenshots@mozilla.org	WARN	Loading extension 'screenshots@mozilla.org': Reading manifest: Invalid extension permission: telemetry
1582261818384	addons.webextension.screenshots@mozilla.org	WARN	Loading extension 'screenshots@mozilla.org': Reading manifest: Invalid extension permission: resource://pdf.js/
1582261818385	addons.webextension.screenshots@mozilla.org	WARN	Loading extension 'screenshots@mozilla.org': Reading manifest: Invalid extension permission: about:reader*
JavaScript error: resource://gre/modules/XULStore.jsm, line 66: Error: Can't find profile directory.
1582261823471	Marionette	INFO	Listening on port 51670
1582261823798	Marionette	WARN	TLS certificate errors will be ignored for this session
JavaScript error: resource://activity-stream/lib/ActivityStreamPrefs.jsm, line 27: NS_ERROR_ILLEGAL_VALUE: Component returned failure code: 0x80070057 (NS_ERROR_ILLEGAL_VALUE) [nsIPrefBranch.removeObserver]
JavaScript error: resource://services-settings/RemoteSettingsClient.jsm, line 144: Error: Unknown callback
[Parent 8768, Gecko_IOThread] WARNING: pipe error: 995: file z:/task_1581954009/build/src/ipc/chromium/src/chrome/common/ipc_channel_win.cc, line 461
[Child 6132, Chrome_ChildThread] WARNING: pipe error: 232: file z:/task_1581954009/build/src/ipc/chromium/src/chrome/common/ipc_channel_win.cc, line 507

###!!! [Child][RunMessage] Error: Channel error: cannot send/recv


###!!! [Child][RunMessage] Error: Channel error: cannot send/recv

1582261834524	Marionette	INFO	Stopped listening on port 51670

###!!! [Child][MessageChannel] Error: (msgtype=0xB60013,name=PWindowGlobal::Msg_Destroy) Channel closing: too late to send/recv, messages will be lost


###!!! [Child][MessageChannel::SendAndWait] Error: Channel error: cannot send/recv

1582261881225	mozrunner::runner	INFO	Running command: "C:\\Program Files\\Mozilla Firefox\\firefox.exe" "-marionette" "-foreground" "-no-remote" "-profile" "C:\\Users\\bruno\\AppData\\Local\\Temp\\rust_mozprofilefI1MiI"
1582261882180	addons.webextension.doh-rollout@mozilla.org	WARN	Loading extension 'doh-rollout@mozilla.org': Reading manifest: Invalid extension permission: networkStatus
1582261884279	addons.webextension.screenshots@mozilla.org	WARN	Loading extension 'screenshots@mozilla.org': Reading manifest: Invalid extension permission: mozillaAddons
1582261884279	addons.webextension.screenshots@mozilla.org	WARN	Loading extension 'screenshots@mozilla.org': Reading manifest: Invalid extension permission: telemetry
1582261884279	addons.webextension.screenshots@mozilla.org	WARN	Loading extension 'screenshots@mozilla.org': Reading manifest: Invalid extension permission: resource://pdf.js/
1582261884280	addons.webextension.screenshots@mozilla.org	WARN	Loading extension 'screenshots@mozilla.org': Reading manifest: Invalid extension permission: about:reader*
JavaScript error: resource://gre/modules/XULStore.jsm, line 66: Error: Can't find profile directory.
1582261888719	Marionette	INFO	Listening on port 51709
1582261889197	Marionette	WARN	TLS certificate errors will be ignored for this session
JavaScript warning: https://siteimproveanalytics.com/js/siteanalyze_1237356.js, line 3: Using //@ to indicate sourceMappingURL pragmas is deprecated. Use //# instead
JavaScript warning: https://siteimproveanalytics.com/js/siteanalyze_1237356.js, line 3: Using //@ to indicate sourceMappingURL pragmas is deprecated. Use //# instead
1582262095268	mozrunner::runner	INFO	Running command: "C:\\Program Files\\Mozilla Firefox\\firefox.exe" "-marionette" "-foreground" "-no-remote" "-profile" "C:\\Users\\bruno\\AppData\\Local\\Temp\\rust_mozprofile4qs7au"
1582262096911	addons.webextension.doh-rollout@mozilla.org	WARN	Loading extension 'doh-rollout@mozilla.org': Reading manifest: Invalid extension permission: networkStatus
1582262099218	addons.webextension.screenshots@mozilla.org	WARN	Loading extension 'screenshots@mozilla.org': Reading manifest: Invalid extension permission: mozillaAddons
1582262099218	addons.webextension.screenshots@mozilla.org	WARN	Loading extension 'screenshots@mozilla.org': Reading manifest: Invalid extension permission: telemetry
1582262099219	addons.webextension.screenshots@mozilla.org	WARN	Loading extension 'screenshots@mozilla.org': Reading manifest: Invalid extension permission: resource://pdf.js/
1582262099219	addons.webextension.screenshots@mozilla.org	WARN	Loading extension 'screenshots@mozilla.org': Reading manifest: Invalid extension permission: about:reader*
JavaScript error: resource://gre/modules/XULStore.jsm, line 66: Error: Can't find profile directory.
1582262106901	Marionette	INFO	Listening on port 51777
1582262107008	Marionette	WARN	TLS certificate errors will be ignored for this session
JavaScript warning: https://siteimproveanalytics.com/js/siteanalyze_1237356.js, line 3: Using //@ to indicate sourceMappingURL pragmas is deprecated. Use //# instead
JavaScript warning: https://siteimproveanalytics.com/js/siteanalyze_1237356.js, line 3: Using //@ to indicate sourceMappingURL pragmas is deprecated. Use //# instead
1582262306707	mozrunner::runner	INFO	Running command: "C:\\Program Files\\Mozilla Firefox\\firefox.exe" "-marionette" "-foreground" "-no-remote" "-profile" "C:\\Users\\bruno\\AppData\\Local\\Temp\\rust_mozprofile7RN0VG"
1582262307796	addons.webextension.doh-rollout@mozilla.org	WARN	Loading extension 'doh-rollout@mozilla.org': Reading manifest: Invalid extension permission: networkStatus
1582262309760	addons.webextension.screenshots@mozilla.org	WARN	Loading extension 'screenshots@mozilla.org': Reading manifest: Invalid extension permission: mozillaAddons
1582262309760	addons.webextension.screenshots@mozilla.org	WARN	Loading extension 'screenshots@mozilla.org': Reading manifest: Invalid extension permission: telemetry
1582262309760	addons.webextension.screenshots@mozilla.org	WARN	Loading extension 'screenshots@mozilla.org': Reading manifest: Invalid extension permission: resource://pdf.js/
1582262309760	addons.webextension.screenshots@mozilla.org	WARN	Loading extension 'screenshots@mozilla.org': Reading manifest: Invalid extension permission: about:reader*
JavaScript error: resource://gre/modules/XULStore.jsm, line 66: Error: Can't find profile directory.
1582262313275	Marionette	INFO	Listening on port 51851
1582262313793	Marionette	WARN	TLS certificate errors will be ignored for this session
JavaScript warning: https://siteimproveanalytics.com/js/siteanalyze_1237356.js, line 3: Using //@ to indicate sourceMappingURL pragmas is deprecated. Use //# instead
JavaScript warning: https://siteimproveanalytics.com/js/siteanalyze_1237356.js, line 3: Using //@ to indicate sourceMappingURL pragmas is deprecated. Use //# instead
1582262470142	mozrunner::runner	INFO	Running command: "C:\\Program Files\\Mozilla Firefox\\firefox.exe" "-marionette" "-foreground" "-no-remote" "-profile" "C:\\Users\\bruno\\AppData\\Local\\Temp\\rust_mozprofileYtCrO2"
1582262471106	addons.webextension.doh-rollout@mozilla.org	WARN	Loading extension 'doh-rollout@mozilla.org': Reading manifest: Invalid extension permission: networkStatus
1582262472628	addons.webextension.screenshots@mozilla.org	WARN	Loading extension 'screenshots@mozilla.org': Reading manifest: Invalid extension permission: mozillaAddons
1582262472628	addons.webextension.screenshots@mozilla.org	WARN	Loading extension 'screenshots@mozilla.org': Reading manifest: Invalid extension permission: telemetry
1582262472628	addons.webextension.screenshots@mozilla.org	WARN	Loading extension 'screenshots@mozilla.org': Reading manifest: Invalid extension permission: resource://pdf.js/
1582262472628	addons.webextension.screenshots@mozilla.org	WARN	Loading extension 'screenshots@mozilla.org': Reading manifest: Invalid extension permission: about:reader*
JavaScript error: resource://gre/modules/XULStore.jsm, line 66: Error: Can't find profile directory.
1582262475645	Marionette	INFO	Listening on port 51929
1582262475996	Marionette	WARN	TLS certificate errors will be ignored for this session
JavaScript warning: https://siteimproveanalytics.com/js/siteanalyze_1237356.js, line 3: Using //@ to indicate sourceMappingURL pragmas is deprecated. Use //# instead
JavaScript warning: https://siteimproveanalytics.com/js/siteanalyze_1237356.js, line 3: Using //@ to indicate sourceMappingURL pragmas is deprecated. Use //# instead
